17 Mar 2017 18:56:50: Создан объект "iPhone" (с ценой = 50000), класса "classes\products\Phone"
17 Mar 2017 18:56:50: Определен вес объекта "iPhone" (вес = 0.4 кг.)
17 Mar 2017 18:56:50: Определен объем памяти объекта "iPhone" (объем памяти = 32 Gb)
17 Mar 2017 18:56:50: Определена диагональ объекта "iPhone" (диагональ = 4.7 дюймов)
17 Mar 2017 18:56:50: Для объекта "iPhone" был записан КЭШ его цены
17 Mar 2017 18:56:50: Сформуоировано описание объекта "iPhone" описание: "Телефон iPhone оснащен 4.7 дюймовым дисплеем и 32 Gb памяти и весит всего 400 грамм. Цена с учетом скидки: 45000 + доставка: 300. Итого: 45300"
17 Mar 2017 18:56:50: Вызвано описание объекта "iPhone"
17 Mar 2017 18:56:50: Создан объект "Sony Bravia" (с ценой = 35000), класса "classes\products\TV"
17 Mar 2017 18:56:50: Определен вес объекта "Sony Bravia" (вес = 7.5 кг.)
17 Mar 2017 18:56:50: Определено максемальное разрешение экрана объекта "Sony Bravia" (максимальное разрешение = 1980x1080)
17 Mar 2017 18:56:50: Определена диагональ объекта "Sony Bravia" (диагональ = 43 дюймов)
17 Mar 2017 18:56:50: Определена стоимость доставки объекта "Sony Bravia" (цена доставки = 300)
17 Mar 2017 18:56:50: Для объекта "Sony Bravia" был записан КЭШ его цены
17 Mar 2017 18:56:50: Сформуоировано описание объекта "Sony Bravia" описание: "Телевизор Sony Bravia c диаганалью 43 дюймов и максимальным разрешением экрана 1980x1080, весит 7.5 кг. Цена с учетом скидки: 35000 + доставка: 300. Итого: 35300"
17 Mar 2017 18:56:50: Вызвано описание объекта "Sony Bravia"
17 Mar 2017 18:56:50: Создан объект "Sony Bravia 4K" (с ценой = 105000), класса "classes\products\TV"
17 Mar 2017 18:56:50: Определен вес объекта "Sony Bravia 4K" (вес = 17.5 кг.)
17 Mar 2017 18:56:50: Определено максемальное разрешение экрана объекта "Sony Bravia 4K" (максимальное разрешение = 4096x2160)
17 Mar 2017 18:56:50: Определена диагональ объекта "Sony Bravia 4K" (диагональ = 75 дюймов)
17 Mar 2017 18:56:50: Определена стоимость доставки объекта "Sony Bravia 4K" (цена доставки = 250)
17 Mar 2017 18:56:50: Для объекта "Sony Bravia 4K" был записан КЭШ его цены
17 Mar 2017 18:56:50: Сформуоировано описание объекта "Sony Bravia 4K" описание: "Телевизор Sony Bravia 4K c диаганалью 75 дюймов и максимальным разрешением экрана 4096x2160, весит 17.5 кг. Цена с учетом скидки: 94500 + доставка: 250. Итого: 94750"
17 Mar 2017 18:56:50: Вызвано описание объекта "Sony Bravia 4K"
17 Mar 2017 18:56:50: Создан объект "LG" (с ценой = 25000), класса "classes\products\Fridge"
17 Mar 2017 18:56:50: Определен вес объекта "LG" (вес = 15 кг.)
17 Mar 2017 18:56:50: Определено количество камер объекта "LG" (количество камер = 2)
17 Mar 2017 18:56:50: Определен обьем(вместимость) объекта "LG" (обьем = 950 литров)
17 Mar 2017 18:56:50: Для объекта "LG" был записан КЭШ его цены
17 Mar 2017 18:56:50: Сформуоировано описание объекта "LG" описание: "Холодильник LG оснащен 2 камерами, общим обьемом 950 литров и весит 15 кг. Цена с учетом скидки: 22500 + доставка: 300. Итого: 22800"
17 Mar 2017 18:56:50: Вызвано описание объекта "LG"
17 Mar 2017 18:57:00: Создан объект "iPhone" (с ценой = 50000), класса "classes\products\Phone"
17 Mar 2017 18:57:00: Определен вес объекта "iPhone" (вес = 0.4 кг.)
17 Mar 2017 18:57:00: Определен объем памяти объекта "iPhone" (объем памяти = 32 Gb)
17 Mar 2017 18:57:00: Определена диагональ объекта "iPhone" (диагональ = 4.7 дюймов)
17 Mar 2017 18:57:00: Для объекта "iPhone" был загружен КЭШ его цены
17 Mar 2017 18:57:00: Сформуоировано описание объекта "iPhone" описание: "Телефон iPhone оснащен 4.7 дюймовым дисплеем и 32 Gb памяти и весит всего 400 грамм. Цена с учетом скидки: 45000
 + доставка: 300. Итого: 45300"
17 Mar 2017 18:57:00: Вызвано описание объекта "iPhone"
17 Mar 2017 18:57:00: Создан объект "Sony Bravia" (с ценой = 35000), класса "classes\products\TV"
17 Mar 2017 18:57:00: Определен вес объекта "Sony Bravia" (вес = 7.5 кг.)
17 Mar 2017 18:57:00: Определено максемальное разрешение экрана объекта "Sony Bravia" (максимальное разрешение = 1980x1080)
17 Mar 2017 18:57:00: Определена диагональ объекта "Sony Bravia" (диагональ = 43 дюймов)
17 Mar 2017 18:57:00: Определена стоимость доставки объекта "Sony Bravia" (цена доставки = 300)
17 Mar 2017 18:57:00: Для объекта "Sony Bravia" был загружен КЭШ его цены
17 Mar 2017 18:57:00: Сформуоировано описание объекта "Sony Bravia" описание: "Телевизор Sony Bravia c диаганалью 43 дюймов и максимальным разрешением экрана 1980x1080, весит 7.5 кг. Цена с учетом скидки: 35000
 + доставка: 300. Итого: 35300"
17 Mar 2017 18:57:00: Вызвано описание объекта "Sony Bravia"
17 Mar 2017 18:57:00: Создан объект "Sony Bravia 4K" (с ценой = 105000), класса "classes\products\TV"
17 Mar 2017 18:57:00: Определен вес объекта "Sony Bravia 4K" (вес = 17.5 кг.)
17 Mar 2017 18:57:00: Определено максемальное разрешение экрана объекта "Sony Bravia 4K" (максимальное разрешение = 4096x2160)
17 Mar 2017 18:57:00: Определена диагональ объекта "Sony Bravia 4K" (диагональ = 75 дюймов)
17 Mar 2017 18:57:00: Определена стоимость доставки объекта "Sony Bravia 4K" (цена доставки = 250)
17 Mar 2017 18:57:00: Для объекта "Sony Bravia 4K" был загружен КЭШ его цены
17 Mar 2017 18:57:00: Сформуоировано описание объекта "Sony Bravia 4K" описание: "Телевизор Sony Bravia 4K c диаганалью 75 дюймов и максимальным разрешением экрана 4096x2160, весит 17.5 кг. Цена с учетом скидки: 94500
 + доставка: 250. Итого: 94750"
17 Mar 2017 18:57:00: Вызвано описание объекта "Sony Bravia 4K"
17 Mar 2017 18:57:00: Создан объект "LG" (с ценой = 25000), класса "classes\products\Fridge"
17 Mar 2017 18:57:00: Определен вес объекта "LG" (вес = 15 кг.)
17 Mar 2017 18:57:00: Определено количество камер объекта "LG" (количество камер = 2)
17 Mar 2017 18:57:00: Определен обьем(вместимость) объекта "LG" (обьем = 950 литров)
17 Mar 2017 18:57:00: Для объекта "LG" был загружен КЭШ его цены
17 Mar 2017 18:57:00: Сформуоировано описание объекта "LG" описание: "Холодильник LG оснащен 2 камерами, общим обьемом 950 литров и весит 15 кг. Цена с учетом скидки: 22500
 + доставка: 300. Итого: 22800"
17 Mar 2017 18:57:00: Вызвано описание объекта "LG"
